Dataset/Ground/third_party/android-gmaps-addons/build/intermediates/manifest_merge_blame_file/debug/manifest-merger-blame-debug-report.txt
1<?xml version="1.0" encoding="utf-8"?>
2<manifest xmlns:android="http://schemas.android.com/apk/res/android"
3    package="com.cocoahero.android.gmaps.addons"
4    android:versionCode="1"
5    android:versionName="1.0.0" >
6
7    <uses-sdk
8        android:minSdkVersion="16"
8-->third_party/android-gmaps-addons/AndroidManifest.xml
9        android:targetSdkVersion="30" />
9-->third_party/android-gmaps-addons/AndroidManifest.xml
10
11</manifest>